./src/pjlib/lib/libpj-i386-apple-darwin_ios.a -> ./lib/x86_64/libpj-i386-apple-darwin_ios.a
./src/pjlib/lib/libpj-x86_64-apple-darwin_ios.a -> ./lib/x86_64/libpj-x86_64-apple-darwin_ios.a
./src/pjlib-util/lib/libpjlib-util-i386-apple-darwin_ios.a -> ./lib/x86_64/libpjlib-util-i386-apple-darwin_ios.a
./src/pjlib-util/lib/libpjlib-util-x86_64-apple-darwin_ios.a -> ./lib/x86_64/libpjlib-util-x86_64-apple-darwin_ios.a
./src/pjmedia/lib/libpjmedia-audiodev-i386-apple-darwin_ios.a -> ./lib/x86_64/libpjmedia-audiodev-i386-apple-darwin_ios.a
./src/pjmedia/lib/libpjmedia-audiodev-x86_64-apple-darwin_ios.a -> ./lib/x86_64/libpjmedia-audiodev-x86_64-apple-darwin_ios.a
./src/pjmedia/lib/libpjmedia-codec-i386-apple-darwin_ios.a -> ./lib/x86_64/libpjmedia-codec-i386-apple-darwin_ios.a
./src/pjmedia/lib/libpjmedia-codec-x86_64-apple-darwin_ios.a -> ./lib/x86_64/libpjmedia-codec-x86_64-apple-darwin_ios.a
./src/pjmedia/lib/libpjmedia-i386-apple-darwin_ios.a -> ./lib/x86_64/libpjmedia-i386-apple-darwin_ios.a
./src/pjmedia/lib/libpjmedia-videodev-i386-apple-darwin_ios.a -> ./lib/x86_64/libpjmedia-videodev-i386-apple-darwin_ios.a
./src/pjmedia/lib/libpjmedia-videodev-x86_64-apple-darwin_ios.a -> ./lib/x86_64/libpjmedia-videodev-x86_64-apple-darwin_ios.a
./src/pjmedia/lib/libpjmedia-x86_64-apple-darwin_ios.a -> ./lib/x86_64/libpjmedia-x86_64-apple-darwin_ios.a
./src/pjmedia/lib/libpjsdp-i386-apple-darwin_ios.a -> ./lib/x86_64/libpjsdp-i386-apple-darwin_ios.a
./src/pjmedia/lib/libpjsdp-x86_64-apple-darwin_ios.a -> ./lib/x86_64/libpjsdp-x86_64-apple-darwin_ios.a
./src/pjnath/lib/libpjnath-i386-apple-darwin_ios.a -> ./lib/x86_64/libpjnath-i386-apple-darwin_ios.a
./src/pjnath/lib/libpjnath-x86_64-apple-darwin_ios.a -> ./lib/x86_64/libpjnath-x86_64-apple-darwin_ios.a
./src/pjsip/lib/libpjsip-i386-apple-darwin_ios.a -> ./lib/x86_64/libpjsip-i386-apple-darwin_ios.a
./src/pjsip/lib/libpjsip-simple-i386-apple-darwin_ios.a -> ./lib/x86_64/libpjsip-simple-i386-apple-darwin_ios.a
./src/pjsip/lib/libpjsip-simple-x86_64-apple-darwin_ios.a -> ./lib/x86_64/libpjsip-simple-x86_64-apple-darwin_ios.a
./src/pjsip/lib/libpjsip-ua-i386-apple-darwin_ios.a -> ./lib/x86_64/libpjsip-ua-i386-apple-darwin_ios.a
./src/pjsip/lib/libpjsip-ua-x86_64-apple-darwin_ios.a -> ./lib/x86_64/libpjsip-ua-x86_64-apple-darwin_ios.a
./src/pjsip/lib/libpjsip-x86_64-apple-darwin_ios.a -> ./lib/x86_64/libpjsip-x86_64-apple-darwin_ios.a
./src/pjsip/lib/libpjsua-i386-apple-darwin_ios.a -> ./lib/x86_64/libpjsua-i386-apple-darwin_ios.a
./src/pjsip/lib/libpjsua-x86_64-apple-darwin_ios.a -> ./lib/x86_64/libpjsua-x86_64-apple-darwin_ios.a
./src/pjsip/lib/libpjsua2-i386-apple-darwin_ios.a -> ./lib/x86_64/libpjsua2-i386-apple-darwin_ios.a
./src/pjsip/lib/libpjsua2-x86_64-apple-darwin_ios.a -> ./lib/x86_64/libpjsua2-x86_64-apple-darwin_ios.a
./src/pjsip-apps/src/pjsua/ios/libg7221codec.a -> ./lib/x86_64/libg7221codec.a
./src/pjsip-apps/src/pjsua/ios/libgsmcodec.a -> ./lib/x86_64/libgsmcodec.a
./src/pjsip-apps/src/pjsua/ios/libilbccodec.a -> ./lib/x86_64/libilbccodec.a
./src/pjsip-apps/src/pjsua/ios/libpj.a -> ./lib/x86_64/libpj.a
./src/pjsip-apps/src/pjsua/ios/libpjlib-util.a -> ./lib/x86_64/libpjlib-util.a
./src/pjsip-apps/src/pjsua/ios/libpjmedia-audiodev.a -> ./lib/x86_64/libpjmedia-audiodev.a
./src/pjsip-apps/src/pjsua/ios/libpjmedia-codec.a -> ./lib/x86_64/libpjmedia-codec.a
./src/pjsip-apps/src/pjsua/ios/libpjmedia-videodev.a -> ./lib/x86_64/libpjmedia-videodev.a
./src/pjsip-apps/src/pjsua/ios/libpjmedia.a -> ./lib/x86_64/libpjmedia.a
./src/pjsip-apps/src/pjsua/ios/libpjnath.a -> ./lib/x86_64/libpjnath.a
./src/pjsip-apps/src/pjsua/ios/libpjsip-simple.a -> ./lib/x86_64/libpjsip-simple.a
./src/pjsip-apps/src/pjsua/ios/libpjsip-ua.a -> ./lib/x86_64/libpjsip-ua.a
./src/pjsip-apps/src/pjsua/ios/libpjsip.a -> ./lib/x86_64/libpjsip.a
./src/pjsip-apps/src/pjsua/ios/libpjsua.a -> ./lib/x86_64/libpjsua.a
./src/pjsip-apps/src/pjsua/ios/libpjsua2.a -> ./lib/x86_64/libpjsua2.a
./src/pjsip-apps/src/pjsua/ios/libresample.a -> ./lib/x86_64/libresample.a
./src/pjsip-apps/src/pjsua/ios/libspeex.a -> ./lib/x86_64/libspeex.a
./src/pjsip-apps/src/pjsua/ios/libsrtp.a -> ./lib/x86_64/libsrtp.a
./src/third_party/lib/libg7221codec-i386-apple-darwin_ios.a -> ./lib/x86_64/libg7221codec-i386-apple-darwin_ios.a
./src/third_party/lib/libg7221codec-x86_64-apple-darwin_ios.a -> ./lib/x86_64/libg7221codec-x86_64-apple-darwin_ios.a
./src/third_party/lib/libgsmcodec-i386-apple-darwin_ios.a -> ./lib/x86_64/libgsmcodec-i386-apple-darwin_ios.a
./src/third_party/lib/libgsmcodec-x86_64-apple-darwin_ios.a -> ./lib/x86_64/libgsmcodec-x86_64-apple-darwin_ios.a
./src/third_party/lib/libilbccodec-i386-apple-darwin_ios.a -> ./lib/x86_64/libilbccodec-i386-apple-darwin_ios.a
./src/third_party/lib/libilbccodec-x86_64-apple-darwin_ios.a -> ./lib/x86_64/libilbccodec-x86_64-apple-darwin_ios.a
./src/third_party/lib/libresample-i386-apple-darwin_ios.a -> ./lib/x86_64/libresample-i386-apple-darwin_ios.a
./src/third_party/lib/libresample-x86_64-apple-darwin_ios.a -> ./lib/x86_64/libresample-x86_64-apple-darwin_ios.a
./src/third_party/lib/libspeex-i386-apple-darwin_ios.a -> ./lib/x86_64/libspeex-i386-apple-darwin_ios.a
./src/third_party/lib/libspeex-x86_64-apple-darwin_ios.a -> ./lib/x86_64/libspeex-x86_64-apple-darwin_ios.a
./src/third_party/lib/libsrtp-i386-apple-darwin_ios.a -> ./lib/x86_64/libsrtp-i386-apple-darwin_ios.a
./src/third_party/lib/libsrtp-x86_64-apple-darwin_ios.a -> ./lib/x86_64/libsrtp-x86_64-apple-darwin_ios.a
